2023-02-09 14:19:39,447 INFO o.a.j.u.JMeterUtils: Setting Locale to en_IN
2023-02-09 14:19:39,467 INFO o.a.j.JMeter: Loading user properties from: user.properties
2023-02-09 14:19:39,467 INFO o.a.j.JMeter: Loading system properties from: system.properties
2023-02-09 14:19:39,472 INFO o.a.j.JMeter: Copyright (c) 1998-2022 The Apache Software Foundation
2023-02-09 14:19:39,472 INFO o.a.j.JMeter: Version 5.5
2023-02-09 14:19:39,472 INFO o.a.j.JMeter: java.version=11.0.15
2023-02-09 14:19:39,472 INFO o.a.j.JMeter: java.vm.name=OpenJDK 64-Bit Server VM
2023-02-09 14:19:39,472 INFO o.a.j.JMeter: os.name=Linux
2023-02-09 14:19:39,472 INFO o.a.j.JMeter: os.arch=amd64
2023-02-09 14:19:39,472 INFO o.a.j.JMeter: os.version=5.15.0-41-generic
2023-02-09 14:19:39,472 INFO o.a.j.JMeter: file.encoding=UTF-8
2023-02-09 14:19:39,472 INFO o.a.j.JMeter: java.awt.headless=null
2023-02-09 14:19:39,472 INFO o.a.j.JMeter: Max memory     =2036334592
2023-02-09 14:19:39,472 INFO o.a.j.JMeter: Available Processors =12
2023-02-09 14:19:39,479 INFO o.a.j.JMeter: Default Locale=English (India)
2023-02-09 14:19:39,479 INFO o.a.j.JMeter: JMeter  Locale=English (India)
2023-02-09 14:19:39,479 INFO o.a.j.JMeter: JMeterHome=/home/yosa/Desktop/HotelRatingSystem/apache-jmeter-5.5
2023-02-09 14:19:39,479 INFO o.a.j.JMeter: user.dir  =/home/yosa/Desktop/HotelRatingSystem/apache-jmeter-5.5/bin
2023-02-09 14:19:39,479 INFO o.a.j.JMeter: PWD       =/home/yosa/Desktop/HotelRatingSystem/apache-jmeter-5.5/bin
2023-02-09 14:19:39,479 INFO o.a.j.JMeter: IP: 127.0.1.1 Name: yosa-dev153 FullName: yosa-dev153
2023-02-09 14:19:39,482 INFO o.a.j.JMeter: Loaded icon properties from org/apache/jmeter/images/icon.properties
2023-02-09 14:19:39,670 INFO o.a.j.JMeterGuiLauncher: Setting LAF to: com.github.weisj.darklaf.DarkLaf:com.github.weisj.darklaf.theme.DarculaTheme
2023-02-09 14:22:00,034 INFO o.a.j.p.h.s.HTTPSamplerBase: Parser for text/html is org.apache.jmeter.protocol.http.parser.LagartoBasedHtmlParser
2023-02-09 14:22:00,034 INFO o.a.j.p.h.s.HTTPSamplerBase: Parser for application/xhtml+xml is org.apache.jmeter.protocol.http.parser.LagartoBasedHtmlParser
2023-02-09 14:22:00,034 INFO o.a.j.p.h.s.HTTPSamplerBase: Parser for application/xml is org.apache.jmeter.protocol.http.parser.LagartoBasedHtmlParser
2023-02-09 14:22:00,034 INFO o.a.j.p.h.s.HTTPSamplerBase: Parser for text/xml is org.apache.jmeter.protocol.http.parser.LagartoBasedHtmlParser
2023-02-09 14:22:00,034 INFO o.a.j.p.h.s.HTTPSamplerBase: Parser for text/vnd.wap.wml is org.apache.jmeter.protocol.http.parser.RegexpHTMLParser
2023-02-09 14:22:00,034 INFO o.a.j.p.h.s.HTTPSamplerBase: Parser for text/css is org.apache.jmeter.protocol.http.parser.CssParser
2023-02-09 14:26:15,480 INFO o.a.j.s.SampleResult: Note: Sample TimeStamps are START times
2023-02-09 14:26:15,481 INFO o.a.j.s.SampleResult: sampleresult.default.encoding is set to ISO-8859-1
2023-02-09 14:26:15,481 INFO o.a.j.s.SampleResult: sampleresult.useNanoTime=true
2023-02-09 14:26:15,481 INFO o.a.j.s.SampleResult: sampleresult.nanoThreadSleep=5000
2023-02-09 14:26:15,574 INFO o.a.j.v.ViewResultsFullVisualizer: Add JavaFX to your Java installation if you want to use renderer: org.apache.jmeter.visualizers.RenderInBrowser
2023-02-09 14:26:53,922 INFO o.a.j.s.FileServer: Default base='/home/yosa/Desktop/HotelRatingSystem/apache-jmeter-5.5/bin'
2023-02-09 14:26:53,923 INFO o.a.j.s.FileServer: Set new base='/home/yosa/Desktop/HotelRatingSystem/apache-jmeter-5.5/bin'
2023-02-09 14:26:54,054 INFO o.a.j.s.SaveService: Testplan (JMX) version: 2.2. Testlog (JTL) version: 2.2
2023-02-09 14:26:54,061 INFO o.a.j.s.SaveService: Using SaveService properties version 5.0
2023-02-09 14:26:54,062 INFO o.a.j.s.SaveService: Using SaveService properties file encoding UTF-8
2023-02-09 14:26:54,079 INFO o.a.j.e.StandardJMeterEngine: Running the test!
2023-02-09 14:26:54,080 INFO o.a.j.s.SampleEvent: List of sample_variables: []
2023-02-09 14:26:54,080 INFO o.a.j.s.SampleEvent: List of sample_variables: []
2023-02-09 14:26:54,080 INFO o.a.j.e.u.CompoundVariable: Note: Function class names must contain the string: '.functions.'
2023-02-09 14:26:54,081 INFO o.a.j.e.u.CompoundVariable: Note: Function class names must not contain the string: '.gui.'
2023-02-09 14:26:54,224 INFO o.a.j.g.u.JMeterMenuBar: setRunning(true, *local*)
2023-02-09 14:26:54,256 INFO o.a.j.e.StandardJMeterEngine: Starting ThreadGroup: 1 : Thread Group
2023-02-09 14:26:54,256 INFO o.a.j.e.StandardJMeterEngine: Starting 15 threads for group Thread Group.
2023-02-09 14:26:54,257 INFO o.a.j.e.StandardJMeterEngine: Thread will continue on error
2023-02-09 14:26:54,257 INFO o.a.j.t.ThreadGroup: Starting thread group... number=1 threads=15 ramp-up=1 delayedStart=false
2023-02-09 14:26:54,260 INFO o.a.j.t.JMeterThread: Thread started: Thread Group 1-1
2023-02-09 14:26:54,265 INFO o.a.j.t.ThreadGroup: Started thread group number 1
2023-02-09 14:26:54,265 INFO o.a.j.e.StandardJMeterEngine: All thread groups have been started
2023-02-09 14:26:54,273 INFO o.a.j.p.h.s.HTTPHCAbstractImpl: Local host = yosa-dev153
2023-02-09 14:26:54,277 INFO o.a.j.p.h.s.HTTPHC4Impl: HTTP request retry count = 0
2023-02-09 14:26:54,326 INFO o.a.j.t.JMeterThread: Thread started: Thread Group 1-2
2023-02-09 14:26:54,370 INFO o.a.j.t.JMeterThread: Thread is done: Thread Group 1-1
2023-02-09 14:26:54,370 INFO o.a.j.t.JMeterThread: Thread finished: Thread Group 1-1
2023-02-09 14:26:54,371 INFO o.a.j.t.JMeterThread: Thread is done: Thread Group 1-2
2023-02-09 14:26:54,371 INFO o.a.j.t.JMeterThread: Thread finished: Thread Group 1-2
2023-02-09 14:26:54,392 INFO o.a.j.t.JMeterThread: Thread started: Thread Group 1-3
2023-02-09 14:26:54,415 INFO o.a.j.t.JMeterThread: Thread is done: Thread Group 1-3
2023-02-09 14:26:54,415 INFO o.a.j.t.JMeterThread: Thread finished: Thread Group 1-3
2023-02-09 14:26:54,458 INFO o.a.j.t.JMeterThread: Thread started: Thread Group 1-4
2023-02-09 14:26:54,478 INFO o.a.j.t.JMeterThread: Thread is done: Thread Group 1-4
2023-02-09 14:26:54,478 INFO o.a.j.t.JMeterThread: Thread finished: Thread Group 1-4
2023-02-09 14:26:54,525 INFO o.a.j.t.JMeterThread: Thread started: Thread Group 1-5
2023-02-09 14:26:54,541 INFO o.a.j.t.JMeterThread: Thread is done: Thread Group 1-5
2023-02-09 14:26:54,541 INFO o.a.j.t.JMeterThread: Thread finished: Thread Group 1-5
2023-02-09 14:26:54,593 INFO o.a.j.t.JMeterThread: Thread started: Thread Group 1-6
2023-02-09 14:26:54,609 INFO o.a.j.t.JMeterThread: Thread is done: Thread Group 1-6
2023-02-09 14:26:54,609 INFO o.a.j.t.JMeterThread: Thread finished: Thread Group 1-6
2023-02-09 14:26:54,660 INFO o.a.j.t.JMeterThread: Thread started: Thread Group 1-7
2023-02-09 14:26:54,679 INFO o.a.j.t.JMeterThread: Thread is done: Thread Group 1-7
2023-02-09 14:26:54,679 INFO o.a.j.t.JMeterThread: Thread finished: Thread Group 1-7
2023-02-09 14:26:54,726 INFO o.a.j.t.JMeterThread: Thread started: Thread Group 1-8
2023-02-09 14:26:54,743 INFO o.a.j.t.JMeterThread: Thread is done: Thread Group 1-8
2023-02-09 14:26:54,743 INFO o.a.j.t.JMeterThread: Thread finished: Thread Group 1-8
2023-02-09 14:26:54,794 INFO o.a.j.t.JMeterThread: Thread started: Thread Group 1-9
2023-02-09 14:26:54,815 INFO o.a.j.t.JMeterThread: Thread is done: Thread Group 1-9
2023-02-09 14:26:54,815 INFO o.a.j.t.JMeterThread: Thread finished: Thread Group 1-9
2023-02-09 14:26:54,861 INFO o.a.j.t.JMeterThread: Thread started: Thread Group 1-10
2023-02-09 14:26:54,890 INFO o.a.j.t.JMeterThread: Thread is done: Thread Group 1-10
2023-02-09 14:26:54,890 INFO o.a.j.t.JMeterThread: Thread finished: Thread Group 1-10
2023-02-09 14:26:54,928 INFO o.a.j.t.JMeterThread: Thread started: Thread Group 1-11
2023-02-09 14:26:54,951 INFO o.a.j.t.JMeterThread: Thread is done: Thread Group 1-11
2023-02-09 14:26:54,951 INFO o.a.j.t.JMeterThread: Thread finished: Thread Group 1-11
2023-02-09 14:26:54,995 INFO o.a.j.t.JMeterThread: Thread started: Thread Group 1-12
2023-02-09 14:26:55,024 INFO o.a.j.t.JMeterThread: Thread is done: Thread Group 1-12
2023-02-09 14:26:55,025 INFO o.a.j.t.JMeterThread: Thread finished: Thread Group 1-12
2023-02-09 14:26:55,061 INFO o.a.j.t.JMeterThread: Thread started: Thread Group 1-13
2023-02-09 14:26:55,086 INFO o.a.j.t.JMeterThread: Thread is done: Thread Group 1-13
2023-02-09 14:26:55,086 INFO o.a.j.t.JMeterThread: Thread finished: Thread Group 1-13
2023-02-09 14:26:55,130 INFO o.a.j.t.JMeterThread: Thread started: Thread Group 1-14
2023-02-09 14:26:55,142 INFO o.a.j.t.JMeterThread: Thread is done: Thread Group 1-14
2023-02-09 14:26:55,142 INFO o.a.j.t.JMeterThread: Thread finished: Thread Group 1-14
2023-02-09 14:26:55,197 INFO o.a.j.t.JMeterThread: Thread started: Thread Group 1-15
2023-02-09 14:26:55,218 INFO o.a.j.t.JMeterThread: Thread is done: Thread Group 1-15
2023-02-09 14:26:55,218 INFO o.a.j.t.JMeterThread: Thread finished: Thread Group 1-15
2023-02-09 14:26:55,218 INFO o.a.j.e.StandardJMeterEngine: Notifying test listeners of end of test
2023-02-09 14:26:55,218 INFO o.a.j.g.u.JMeterMenuBar: setRunning(false, *local*)
2023-02-09 14:27:33,057 INFO o.a.j.e.StandardJMeterEngine: Running the test!
2023-02-09 14:27:33,058 INFO o.a.j.s.SampleEvent: List of sample_variables: []
2023-02-09 14:27:33,058 INFO o.a.j.g.u.JMeterMenuBar: setRunning(true, *local*)
2023-02-09 14:27:33,094 INFO o.a.j.e.StandardJMeterEngine: Starting ThreadGroup: 1 : Thread Group
2023-02-09 14:27:33,094 INFO o.a.j.e.StandardJMeterEngine: Starting 15 threads for group Thread Group.
2023-02-09 14:27:33,094 INFO o.a.j.e.StandardJMeterEngine: Thread will continue on error
2023-02-09 14:27:33,094 INFO o.a.j.t.ThreadGroup: Starting thread group... number=1 threads=15 ramp-up=1 delayedStart=false
2023-02-09 14:27:33,094 INFO o.a.j.t.JMeterThread: Thread started: Thread Group 1-1
2023-02-09 14:27:33,096 INFO o.a.j.t.ThreadGroup: Started thread group number 1
2023-02-09 14:27:33,096 INFO o.a.j.e.StandardJMeterEngine: All thread groups have been started
2023-02-09 14:27:33,124 INFO o.a.j.t.JMeterThread: Thread is done: Thread Group 1-1
2023-02-09 14:27:33,124 INFO o.a.j.t.JMeterThread: Thread finished: Thread Group 1-1
2023-02-09 14:27:33,162 INFO o.a.j.t.JMeterThread: Thread started: Thread Group 1-2
2023-02-09 14:27:33,180 INFO o.a.j.t.JMeterThread: Thread is done: Thread Group 1-2
2023-02-09 14:27:33,180 INFO o.a.j.t.JMeterThread: Thread finished: Thread Group 1-2
2023-02-09 14:27:33,229 INFO o.a.j.t.JMeterThread: Thread started: Thread Group 1-3
2023-02-09 14:27:33,248 INFO o.a.j.t.JMeterThread: Thread is done: Thread Group 1-3
2023-02-09 14:27:33,248 INFO o.a.j.t.JMeterThread: Thread finished: Thread Group 1-3
2023-02-09 14:27:33,296 INFO o.a.j.t.JMeterThread: Thread started: Thread Group 1-4
2023-02-09 14:27:33,311 INFO o.a.j.t.JMeterThread: Thread is done: Thread Group 1-4
2023-02-09 14:27:33,312 INFO o.a.j.t.JMeterThread: Thread finished: Thread Group 1-4
2023-02-09 14:27:33,362 INFO o.a.j.t.JMeterThread: Thread started: Thread Group 1-5
2023-02-09 14:27:33,382 INFO o.a.j.t.JMeterThread: Thread is done: Thread Group 1-5
2023-02-09 14:27:33,382 INFO o.a.j.t.JMeterThread: Thread finished: Thread Group 1-5
2023-02-09 14:27:33,429 INFO o.a.j.t.JMeterThread: Thread started: Thread Group 1-6
2023-02-09 14:27:33,443 INFO o.a.j.t.JMeterThread: Thread is done: Thread Group 1-6
2023-02-09 14:27:33,444 INFO o.a.j.t.JMeterThread: Thread finished: Thread Group 1-6
2023-02-09 14:27:33,496 INFO o.a.j.t.JMeterThread: Thread started: Thread Group 1-7
2023-02-09 14:27:33,510 INFO o.a.j.t.JMeterThread: Thread is done: Thread Group 1-7
2023-02-09 14:27:33,510 INFO o.a.j.t.JMeterThread: Thread finished: Thread Group 1-7
2023-02-09 14:27:33,563 INFO o.a.j.t.JMeterThread: Thread started: Thread Group 1-8
2023-02-09 14:27:33,592 INFO o.a.j.t.JMeterThread: Thread is done: Thread Group 1-8
2023-02-09 14:27:33,592 INFO o.a.j.t.JMeterThread: Thread finished: Thread Group 1-8
2023-02-09 14:27:33,631 INFO o.a.j.t.JMeterThread: Thread started: Thread Group 1-9
2023-02-09 14:27:33,661 INFO o.a.j.t.JMeterThread: Thread is done: Thread Group 1-9
2023-02-09 14:27:33,661 INFO o.a.j.t.JMeterThread: Thread finished: Thread Group 1-9
2023-02-09 14:27:33,698 INFO o.a.j.t.JMeterThread: Thread started: Thread Group 1-10
2023-02-09 14:27:33,711 INFO o.a.j.t.JMeterThread: Thread is done: Thread Group 1-10
2023-02-09 14:27:33,711 INFO o.a.j.t.JMeterThread: Thread finished: Thread Group 1-10
2023-02-09 14:27:33,765 INFO o.a.j.t.JMeterThread: Thread started: Thread Group 1-11
2023-02-09 14:27:33,797 INFO o.a.j.t.JMeterThread: Thread is done: Thread Group 1-11
2023-02-09 14:27:33,797 INFO o.a.j.t.JMeterThread: Thread finished: Thread Group 1-11
2023-02-09 14:27:33,832 INFO o.a.j.t.JMeterThread: Thread started: Thread Group 1-12
2023-02-09 14:27:33,852 INFO o.a.j.t.JMeterThread: Thread is done: Thread Group 1-12
2023-02-09 14:27:33,852 INFO o.a.j.t.JMeterThread: Thread finished: Thread Group 1-12
2023-02-09 14:27:33,898 INFO o.a.j.t.JMeterThread: Thread started: Thread Group 1-13
2023-02-09 14:27:33,934 INFO o.a.j.t.JMeterThread: Thread is done: Thread Group 1-13
2023-02-09 14:27:33,934 INFO o.a.j.t.JMeterThread: Thread finished: Thread Group 1-13
2023-02-09 14:27:33,965 INFO o.a.j.t.JMeterThread: Thread started: Thread Group 1-14
2023-02-09 14:27:33,981 INFO o.a.j.t.JMeterThread: Thread is done: Thread Group 1-14
2023-02-09 14:27:33,981 INFO o.a.j.t.JMeterThread: Thread finished: Thread Group 1-14
2023-02-09 14:27:34,032 INFO o.a.j.t.JMeterThread: Thread started: Thread Group 1-15
2023-02-09 14:27:34,045 INFO o.a.j.t.JMeterThread: Thread is done: Thread Group 1-15
2023-02-09 14:27:34,045 INFO o.a.j.t.JMeterThread: Thread finished: Thread Group 1-15
2023-02-09 14:27:34,045 INFO o.a.j.e.StandardJMeterEngine: Notifying test listeners of end of test
2023-02-09 14:27:34,045 INFO o.a.j.g.u.JMeterMenuBar: setRunning(false, *local*)
2023-02-09 14:27:38,113 INFO o.a.j.e.StandardJMeterEngine: Running the test!
2023-02-09 14:27:38,113 INFO o.a.j.s.SampleEvent: List of sample_variables: []
2023-02-09 14:27:38,113 INFO o.a.j.g.u.JMeterMenuBar: setRunning(true, *local*)
2023-02-09 14:27:38,120 INFO o.a.j.e.StandardJMeterEngine: Starting ThreadGroup: 1 : Thread Group
2023-02-09 14:27:38,121 INFO o.a.j.e.StandardJMeterEngine: Starting 15 threads for group Thread Group.
2023-02-09 14:27:38,121 INFO o.a.j.e.StandardJMeterEngine: Thread will continue on error
2023-02-09 14:27:38,121 INFO o.a.j.t.ThreadGroup: Starting thread group... number=1 threads=15 ramp-up=1 delayedStart=false
2023-02-09 14:27:38,121 INFO o.a.j.t.JMeterThread: Thread started: Thread Group 1-1
2023-02-09 14:27:38,126 INFO o.a.j.t.ThreadGroup: Started thread group number 1
2023-02-09 14:27:38,126 INFO o.a.j.e.StandardJMeterEngine: All thread groups have been started
2023-02-09 14:27:38,138 INFO o.a.j.t.JMeterThread: Thread is done: Thread Group 1-1
2023-02-09 14:27:38,138 INFO o.a.j.t.JMeterThread: Thread finished: Thread Group 1-1
2023-02-09 14:27:38,189 INFO o.a.j.t.JMeterThread: Thread started: Thread Group 1-2
2023-02-09 14:27:38,202 INFO o.a.j.t.JMeterThread: Thread is done: Thread Group 1-2
2023-02-09 14:27:38,202 INFO o.a.j.t.JMeterThread: Thread finished: Thread Group 1-2
2023-02-09 14:27:38,257 INFO o.a.j.t.JMeterThread: Thread started: Thread Group 1-3
2023-02-09 14:27:38,270 INFO o.a.j.t.JMeterThread: Thread is done: Thread Group 1-3
2023-02-09 14:27:38,271 INFO o.a.j.t.JMeterThread: Thread finished: Thread Group 1-3
2023-02-09 14:27:38,322 INFO o.a.j.t.JMeterThread: Thread started: Thread Group 1-4
2023-02-09 14:27:38,342 INFO o.a.j.t.JMeterThread: Thread is done: Thread Group 1-4
2023-02-09 14:27:38,342 INFO o.a.j.t.JMeterThread: Thread finished: Thread Group 1-4
2023-02-09 14:27:38,390 INFO o.a.j.t.JMeterThread: Thread started: Thread Group 1-5
2023-02-09 14:27:38,404 INFO o.a.j.t.JMeterThread: Thread is done: Thread Group 1-5
2023-02-09 14:27:38,404 INFO o.a.j.t.JMeterThread: Thread finished: Thread Group 1-5
2023-02-09 14:27:38,457 INFO o.a.j.t.JMeterThread: Thread started: Thread Group 1-6
2023-02-09 14:27:38,472 INFO o.a.j.t.JMeterThread: Thread is done: Thread Group 1-6
2023-02-09 14:27:38,473 INFO o.a.j.t.JMeterThread: Thread finished: Thread Group 1-6
2023-02-09 14:27:38,524 INFO o.a.j.t.JMeterThread: Thread started: Thread Group 1-7
2023-02-09 14:27:38,535 INFO o.a.j.t.JMeterThread: Thread is done: Thread Group 1-7
2023-02-09 14:27:38,536 INFO o.a.j.t.JMeterThread: Thread finished: Thread Group 1-7
2023-02-09 14:27:38,590 INFO o.a.j.t.JMeterThread: Thread started: Thread Group 1-8
2023-02-09 14:27:38,625 INFO o.a.j.t.JMeterThread: Thread is done: Thread Group 1-8
2023-02-09 14:27:38,626 INFO o.a.j.t.JMeterThread: Thread finished: Thread Group 1-8
2023-02-09 14:27:38,657 INFO o.a.j.t.JMeterThread: Thread started: Thread Group 1-9
2023-02-09 14:27:38,670 INFO o.a.j.t.JMeterThread: Thread is done: Thread Group 1-9
2023-02-09 14:27:38,671 INFO o.a.j.t.JMeterThread: Thread finished: Thread Group 1-9
2023-02-09 14:27:38,725 INFO o.a.j.t.JMeterThread: Thread started: Thread Group 1-10
2023-02-09 14:27:38,757 INFO o.a.j.t.JMeterThread: Thread is done: Thread Group 1-10
2023-02-09 14:27:38,758 INFO o.a.j.t.JMeterThread: Thread finished: Thread Group 1-10
2023-02-09 14:27:38,792 INFO o.a.j.t.JMeterThread: Thread started: Thread Group 1-11
2023-02-09 14:27:38,815 INFO o.a.j.t.JMeterThread: Thread is done: Thread Group 1-11
2023-02-09 14:27:38,815 INFO o.a.j.t.JMeterThread: Thread finished: Thread Group 1-11
2023-02-09 14:27:38,859 INFO o.a.j.t.JMeterThread: Thread started: Thread Group 1-12
2023-02-09 14:27:38,885 INFO o.a.j.t.JMeterThread: Thread is done: Thread Group 1-12
2023-02-09 14:27:38,886 INFO o.a.j.t.JMeterThread: Thread finished: Thread Group 1-12
2023-02-09 14:27:38,925 INFO o.a.j.t.JMeterThread: Thread started: Thread Group 1-13
2023-02-09 14:27:38,951 INFO o.a.j.t.JMeterThread: Thread is done: Thread Group 1-13
2023-02-09 14:27:38,952 INFO o.a.j.t.JMeterThread: Thread finished: Thread Group 1-13
2023-02-09 14:27:38,993 INFO o.a.j.t.JMeterThread: Thread started: Thread Group 1-14
2023-02-09 14:27:39,016 INFO o.a.j.t.JMeterThread: Thread is done: Thread Group 1-14
2023-02-09 14:27:39,016 INFO o.a.j.t.JMeterThread: Thread finished: Thread Group 1-14
2023-02-09 14:27:39,060 INFO o.a.j.t.JMeterThread: Thread started: Thread Group 1-15
2023-02-09 14:27:39,086 INFO o.a.j.t.JMeterThread: Thread is done: Thread Group 1-15
2023-02-09 14:27:39,086 INFO o.a.j.t.JMeterThread: Thread finished: Thread Group 1-15
2023-02-09 14:27:39,086 INFO o.a.j.e.StandardJMeterEngine: Notifying test listeners of end of test
2023-02-09 14:27:39,087 INFO o.a.j.g.u.JMeterMenuBar: setRunning(false, *local*)
2023-02-09 14:29:08,211 INFO o.a.j.e.StandardJMeterEngine: Running the test!
2023-02-09 14:29:08,211 INFO o.a.j.s.SampleEvent: List of sample_variables: []
2023-02-09 14:29:08,211 INFO o.a.j.g.u.JMeterMenuBar: setRunning(true, *local*)
2023-02-09 14:29:08,242 INFO o.a.j.e.StandardJMeterEngine: Starting ThreadGroup: 1 : Thread Group
2023-02-09 14:29:08,242 INFO o.a.j.e.StandardJMeterEngine: Starting 15 threads for group Thread Group.
2023-02-09 14:29:08,242 INFO o.a.j.e.StandardJMeterEngine: Thread will continue on error
2023-02-09 14:29:08,242 INFO o.a.j.t.ThreadGroup: Starting thread group... number=1 threads=15 ramp-up=1 delayedStart=false
2023-02-09 14:29:08,242 INFO o.a.j.t.JMeterThread: Thread started: Thread Group 1-1
2023-02-09 14:29:08,243 INFO o.a.j.t.ThreadGroup: Started thread group number 1
2023-02-09 14:29:08,243 INFO o.a.j.e.StandardJMeterEngine: All thread groups have been started
2023-02-09 14:29:08,272 INFO o.a.j.t.JMeterThread: Thread is done: Thread Group 1-1
2023-02-09 14:29:08,272 INFO o.a.j.t.JMeterThread: Thread finished: Thread Group 1-1
2023-02-09 14:29:08,310 INFO o.a.j.t.JMeterThread: Thread started: Thread Group 1-2
2023-02-09 14:29:08,323 INFO o.a.j.t.JMeterThread: Thread is done: Thread Group 1-2
2023-02-09 14:29:08,323 INFO o.a.j.t.JMeterThread: Thread finished: Thread Group 1-2
2023-02-09 14:29:08,376 INFO o.a.j.t.JMeterThread: Thread started: Thread Group 1-3
2023-02-09 14:29:08,389 INFO o.a.j.t.JMeterThread: Thread is done: Thread Group 1-3
2023-02-09 14:29:08,389 INFO o.a.j.t.JMeterThread: Thread finished: Thread Group 1-3
2023-02-09 14:29:08,444 INFO o.a.j.t.JMeterThread: Thread started: Thread Group 1-4
2023-02-09 14:29:08,462 INFO o.a.j.t.JMeterThread: Thread is done: Thread Group 1-4
2023-02-09 14:29:08,462 INFO o.a.j.t.JMeterThread: Thread finished: Thread Group 1-4
2023-02-09 14:29:08,511 INFO o.a.j.t.JMeterThread: Thread started: Thread Group 1-5
2023-02-09 14:29:08,529 INFO o.a.j.t.JMeterThread: Thread is done: Thread Group 1-5
2023-02-09 14:29:08,529 INFO o.a.j.t.JMeterThread: Thread finished: Thread Group 1-5
2023-02-09 14:29:08,578 INFO o.a.j.t.JMeterThread: Thread started: Thread Group 1-6
2023-02-09 14:29:08,612 INFO o.a.j.t.JMeterThread: Thread is done: Thread Group 1-6
2023-02-09 14:29:08,612 INFO o.a.j.t.JMeterThread: Thread finished: Thread Group 1-6
2023-02-09 14:29:08,644 INFO o.a.j.t.JMeterThread: Thread started: Thread Group 1-7
2023-02-09 14:29:08,671 INFO o.a.j.t.JMeterThread: Thread is done: Thread Group 1-7
2023-02-09 14:29:08,671 INFO o.a.j.t.JMeterThread: Thread finished: Thread Group 1-7
2023-02-09 14:29:08,711 INFO o.a.j.t.JMeterThread: Thread started: Thread Group 1-8
2023-02-09 14:29:08,732 INFO o.a.j.t.JMeterThread: Thread is done: Thread Group 1-8
2023-02-09 14:29:08,732 INFO o.a.j.t.JMeterThread: Thread finished: Thread Group 1-8
2023-02-09 14:29:08,778 INFO o.a.j.t.JMeterThread: Thread started: Thread Group 1-9
2023-02-09 14:29:08,809 INFO o.a.j.t.JMeterThread: Thread is done: Thread Group 1-9
2023-02-09 14:29:08,809 INFO o.a.j.t.JMeterThread: Thread finished: Thread Group 1-9
2023-02-09 14:29:08,845 INFO o.a.j.t.JMeterThread: Thread started: Thread Group 1-10
2023-02-09 14:29:08,871 INFO o.a.j.t.JMeterThread: Thread is done: Thread Group 1-10
2023-02-09 14:29:08,871 INFO o.a.j.t.JMeterThread: Thread finished: Thread Group 1-10
2023-02-09 14:29:08,912 INFO o.a.j.t.JMeterThread: Thread started: Thread Group 1-11
2023-02-09 14:29:08,938 INFO o.a.j.t.JMeterThread: Thread is done: Thread Group 1-11
2023-02-09 14:29:08,938 INFO o.a.j.t.JMeterThread: Thread finished: Thread Group 1-11
2023-02-09 14:29:08,979 INFO o.a.j.t.JMeterThread: Thread started: Thread Group 1-12
2023-02-09 14:29:08,996 INFO o.a.j.t.JMeterThread: Thread is done: Thread Group 1-12
2023-02-09 14:29:08,997 INFO o.a.j.t.JMeterThread: Thread finished: Thread Group 1-12
2023-02-09 14:29:09,046 INFO o.a.j.t.JMeterThread: Thread started: Thread Group 1-13
2023-02-09 14:29:09,075 INFO o.a.j.t.JMeterThread: Thread is done: Thread Group 1-13
2023-02-09 14:29:09,075 INFO o.a.j.t.JMeterThread: Thread finished: Thread Group 1-13
2023-02-09 14:29:09,113 INFO o.a.j.t.JMeterThread: Thread started: Thread Group 1-14
2023-02-09 14:29:09,136 INFO o.a.j.t.JMeterThread: Thread is done: Thread Group 1-14
2023-02-09 14:29:09,136 INFO o.a.j.t.JMeterThread: Thread finished: Thread Group 1-14
2023-02-09 14:29:09,181 INFO o.a.j.t.JMeterThread: Thread started: Thread Group 1-15
2023-02-09 14:29:09,201 INFO o.a.j.t.JMeterThread: Thread is done: Thread Group 1-15
2023-02-09 14:29:09,201 INFO o.a.j.t.JMeterThread: Thread finished: Thread Group 1-15
2023-02-09 14:29:09,202 INFO o.a.j.e.StandardJMeterEngine: Notifying test listeners of end of test
2023-02-09 14:29:09,202 INFO o.a.j.g.u.JMeterMenuBar: setRunning(false, *local*)
2023-02-09 14:30:24,280 INFO o.a.j.v.ViewResultsFullVisualizer: Add JavaFX to your Java installation if you want to use renderer: org.apache.jmeter.visualizers.RenderInBrowser
2023-02-09 14:30:27,582 INFO o.a.j.e.StandardJMeterEngine: Running the test!
2023-02-09 14:30:27,583 INFO o.a.j.s.SampleEvent: List of sample_variables: []
2023-02-09 14:30:27,583 INFO o.a.j.g.u.JMeterMenuBar: setRunning(true, *local*)
2023-02-09 14:30:27,583 INFO o.a.j.e.StandardJMeterEngine: Starting ThreadGroup: 1 : Thread Group
2023-02-09 14:30:27,583 INFO o.a.j.e.StandardJMeterEngine: Starting 15 threads for group Thread Group.
2023-02-09 14:30:27,584 INFO o.a.j.e.StandardJMeterEngine: Thread will continue on error
2023-02-09 14:30:27,584 INFO o.a.j.t.ThreadGroup: Starting thread group... number=1 threads=15 ramp-up=1 delayedStart=false
2023-02-09 14:30:27,587 INFO o.a.j.t.JMeterThread: Thread started: Thread Group 1-1
2023-02-09 14:30:27,588 INFO o.a.j.t.ThreadGroup: Started thread group number 1
2023-02-09 14:30:27,588 INFO o.a.j.e.StandardJMeterEngine: All thread groups have been started
2023-02-09 14:30:27,598 INFO o.a.j.t.JMeterThread: Thread is done: Thread Group 1-1
2023-02-09 14:30:27,598 INFO o.a.j.t.JMeterThread: Thread finished: Thread Group 1-1
2023-02-09 14:30:27,652 INFO o.a.j.t.JMeterThread: Thread started: Thread Group 1-2
2023-02-09 14:30:27,681 INFO o.a.j.t.JMeterThread: Thread is done: Thread Group 1-2
2023-02-09 14:30:27,681 INFO o.a.j.t.JMeterThread: Thread finished: Thread Group 1-2
2023-02-09 14:30:27,718 INFO o.a.j.t.JMeterThread: Thread started: Thread Group 1-3
2023-02-09 14:30:27,730 INFO o.a.j.t.JMeterThread: Thread is done: Thread Group 1-3
2023-02-09 14:30:27,731 INFO o.a.j.t.JMeterThread: Thread finished: Thread Group 1-3
2023-02-09 14:30:27,785 INFO o.a.j.t.JMeterThread: Thread started: Thread Group 1-4
2023-02-09 14:30:27,816 INFO o.a.j.t.JMeterThread: Thread is done: Thread Group 1-4
2023-02-09 14:30:27,817 INFO o.a.j.t.JMeterThread: Thread finished: Thread Group 1-4
2023-02-09 14:30:27,852 INFO o.a.j.t.JMeterThread: Thread started: Thread Group 1-5
2023-02-09 14:30:27,869 INFO o.a.j.t.JMeterThread: Thread is done: Thread Group 1-5
2023-02-09 14:30:27,869 INFO o.a.j.t.JMeterThread: Thread finished: Thread Group 1-5
2023-02-09 14:30:27,920 INFO o.a.j.t.JMeterThread: Thread started: Thread Group 1-6
2023-02-09 14:30:27,950 INFO o.a.j.t.JMeterThread: Thread is done: Thread Group 1-6
2023-02-09 14:30:27,951 INFO o.a.j.t.JMeterThread: Thread finished: Thread Group 1-6
2023-02-09 14:30:27,987 INFO o.a.j.t.JMeterThread: Thread started: Thread Group 1-7
2023-02-09 14:30:28,010 INFO o.a.j.t.JMeterThread: Thread is done: Thread Group 1-7
2023-02-09 14:30:28,010 INFO o.a.j.t.JMeterThread: Thread finished: Thread Group 1-7
2023-02-09 14:30:28,054 INFO o.a.j.t.JMeterThread: Thread started: Thread Group 1-8
2023-02-09 14:30:28,079 INFO o.a.j.t.JMeterThread: Thread is done: Thread Group 1-8
2023-02-09 14:30:28,079 INFO o.a.j.t.JMeterThread: Thread finished: Thread Group 1-8
2023-02-09 14:30:28,121 INFO o.a.j.t.JMeterThread: Thread started: Thread Group 1-9
2023-02-09 14:30:28,131 INFO o.a.j.t.JMeterThread: Thread is done: Thread Group 1-9
2023-02-09 14:30:28,131 INFO o.a.j.t.JMeterThread: Thread finished: Thread Group 1-9
2023-02-09 14:30:28,187 INFO o.a.j.t.JMeterThread: Thread started: Thread Group 1-10
2023-02-09 14:30:28,198 INFO o.a.j.t.JMeterThread: Thread is done: Thread Group 1-10
2023-02-09 14:30:28,198 INFO o.a.j.t.JMeterThread: Thread finished: Thread Group 1-10
2023-02-09 14:30:28,254 INFO o.a.j.t.JMeterThread: Thread started: Thread Group 1-11
2023-02-09 14:30:28,286 INFO o.a.j.t.JMeterThread: Thread is done: Thread Group 1-11
2023-02-09 14:30:28,286 INFO o.a.j.t.JMeterThread: Thread finished: Thread Group 1-11
2023-02-09 14:30:28,321 INFO o.a.j.t.JMeterThread: Thread started: Thread Group 1-12
2023-02-09 14:30:28,332 INFO o.a.j.t.JMeterThread: Thread is done: Thread Group 1-12
2023-02-09 14:30:28,333 INFO o.a.j.t.JMeterThread: Thread finished: Thread Group 1-12
2023-02-09 14:30:28,388 INFO o.a.j.t.JMeterThread: Thread started: Thread Group 1-13
2023-02-09 14:30:28,416 INFO o.a.j.t.JMeterThread: Thread is done: Thread Group 1-13
2023-02-09 14:30:28,416 INFO o.a.j.t.JMeterThread: Thread finished: Thread Group 1-13
2023-02-09 14:30:28,455 INFO o.a.j.t.JMeterThread: Thread started: Thread Group 1-14
2023-02-09 14:30:28,477 INFO o.a.j.t.JMeterThread: Thread is done: Thread Group 1-14
2023-02-09 14:30:28,477 INFO o.a.j.t.JMeterThread: Thread finished: Thread Group 1-14
2023-02-09 14:30:28,522 INFO o.a.j.t.JMeterThread: Thread started: Thread Group 1-15
2023-02-09 14:30:28,535 INFO o.a.j.t.JMeterThread: Thread is done: Thread Group 1-15
2023-02-09 14:30:28,535 INFO o.a.j.t.JMeterThread: Thread finished: Thread Group 1-15
2023-02-09 14:30:28,535 INFO o.a.j.e.StandardJMeterEngine: Notifying test listeners of end of test
2023-02-09 14:30:28,535 INFO o.a.j.g.u.JMeterMenuBar: setRunning(false, *local*)
2023-02-09 14:33:44,688 INFO o.a.j.e.StandardJMeterEngine: Running the test!
2023-02-09 14:33:44,689 INFO o.a.j.s.SampleEvent: List of sample_variables: []
2023-02-09 14:33:44,689 INFO o.a.j.g.u.JMeterMenuBar: setRunning(true, *local*)
2023-02-09 14:33:44,689 INFO o.a.j.e.StandardJMeterEngine: Starting ThreadGroup: 1 : Thread Group
2023-02-09 14:33:44,691 INFO o.a.j.e.StandardJMeterEngine: Starting 15 threads for group Thread Group.
2023-02-09 14:33:44,691 INFO o.a.j.e.StandardJMeterEngine: Thread will continue on error
2023-02-09 14:33:44,691 INFO o.a.j.t.ThreadGroup: Starting thread group... number=1 threads=15 ramp-up=1 delayedStart=false
2023-02-09 14:33:44,691 INFO o.a.j.t.JMeterThread: Thread started: Thread Group 1-1
2023-02-09 14:33:44,694 INFO o.a.j.t.ThreadGroup: Started thread group number 1
2023-02-09 14:33:44,695 INFO o.a.j.e.StandardJMeterEngine: All thread groups have been started
2023-02-09 14:33:44,711 INFO o.a.j.t.JMeterThread: Thread is done: Thread Group 1-1
2023-02-09 14:33:44,712 INFO o.a.j.t.JMeterThread: Thread finished: Thread Group 1-1
2023-02-09 14:33:44,758 INFO o.a.j.t.JMeterThread: Thread started: Thread Group 1-2
2023-02-09 14:33:44,776 INFO o.a.j.t.JMeterThread: Thread is done: Thread Group 1-2
2023-02-09 14:33:44,776 INFO o.a.j.t.JMeterThread: Thread finished: Thread Group 1-2
2023-02-09 14:33:44,826 INFO o.a.j.t.JMeterThread: Thread started: Thread Group 1-3
2023-02-09 14:33:44,848 INFO o.a.j.t.JMeterThread: Thread is done: Thread Group 1-3
2023-02-09 14:33:44,849 INFO o.a.j.t.JMeterThread: Thread finished: Thread Group 1-3
2023-02-09 14:33:44,893 INFO o.a.j.t.JMeterThread: Thread started: Thread Group 1-4
2023-02-09 14:33:44,932 INFO o.a.j.t.JMeterThread: Thread is done: Thread Group 1-4
2023-02-09 14:33:44,932 INFO o.a.j.t.JMeterThread: Thread finished: Thread Group 1-4
2023-02-09 14:33:44,960 INFO o.a.j.t.JMeterThread: Thread started: Thread Group 1-5
2023-02-09 14:33:44,973 INFO o.a.j.t.JMeterThread: Thread is done: Thread Group 1-5
2023-02-09 14:33:44,973 INFO o.a.j.t.JMeterThread: Thread finished: Thread Group 1-5
2023-02-09 14:33:45,027 INFO o.a.j.t.JMeterThread: Thread started: Thread Group 1-6
2023-02-09 14:33:45,065 INFO o.a.j.t.JMeterThread: Thread is done: Thread Group 1-6
2023-02-09 14:33:45,066 INFO o.a.j.t.JMeterThread: Thread finished: Thread Group 1-6
2023-02-09 14:33:45,094 INFO o.a.j.t.JMeterThread: Thread started: Thread Group 1-7
2023-02-09 14:33:45,122 INFO o.a.j.t.JMeterThread: Thread is done: Thread Group 1-7
2023-02-09 14:33:45,122 INFO o.a.j.t.JMeterThread: Thread finished: Thread Group 1-7
2023-02-09 14:33:45,161 INFO o.a.j.t.JMeterThread: Thread started: Thread Group 1-8
2023-02-09 14:33:45,183 INFO o.a.j.t.JMeterThread: Thread is done: Thread Group 1-8
2023-02-09 14:33:45,183 INFO o.a.j.t.JMeterThread: Thread finished: Thread Group 1-8
2023-02-09 14:33:45,227 INFO o.a.j.t.JMeterThread: Thread started: Thread Group 1-9
2023-02-09 14:33:45,242 INFO o.a.j.t.JMeterThread: Thread is done: Thread Group 1-9
2023-02-09 14:33:45,242 INFO o.a.j.t.JMeterThread: Thread finished: Thread Group 1-9
2023-02-09 14:33:45,295 INFO o.a.j.t.JMeterThread: Thread started: Thread Group 1-10
2023-02-09 14:33:45,313 INFO o.a.j.t.JMeterThread: Thread is done: Thread Group 1-10
2023-02-09 14:33:45,313 INFO o.a.j.t.JMeterThread: Thread finished: Thread Group 1-10
2023-02-09 14:33:45,362 INFO o.a.j.t.JMeterThread: Thread started: Thread Group 1-11
2023-02-09 14:33:45,398 INFO o.a.j.t.JMeterThread: Thread is done: Thread Group 1-11
2023-02-09 14:33:45,399 INFO o.a.j.t.JMeterThread: Thread finished: Thread Group 1-11
2023-02-09 14:33:45,429 INFO o.a.j.t.JMeterThread: Thread started: Thread Group 1-12
2023-02-09 14:33:45,458 INFO o.a.j.t.JMeterThread: Thread is done: Thread Group 1-12
2023-02-09 14:33:45,458 INFO o.a.j.t.JMeterThread: Thread finished: Thread Group 1-12
2023-02-09 14:33:45,495 INFO o.a.j.t.JMeterThread: Thread started: Thread Group 1-13
2023-02-09 14:33:45,536 INFO o.a.j.t.JMeterThread: Thread is done: Thread Group 1-13
2023-02-09 14:33:45,536 INFO o.a.j.t.JMeterThread: Thread finished: Thread Group 1-13
2023-02-09 14:33:45,563 INFO o.a.j.t.JMeterThread: Thread started: Thread Group 1-14
2023-02-09 14:33:45,594 INFO o.a.j.t.JMeterThread: Thread is done: Thread Group 1-14
2023-02-09 14:33:45,594 INFO o.a.j.t.JMeterThread: Thread finished: Thread Group 1-14
2023-02-09 14:33:45,630 INFO o.a.j.t.JMeterThread: Thread started: Thread Group 1-15
2023-02-09 14:33:45,654 INFO o.a.j.t.JMeterThread: Thread is done: Thread Group 1-15
2023-02-09 14:33:45,654 INFO o.a.j.t.JMeterThread: Thread finished: Thread Group 1-15
2023-02-09 14:33:45,654 INFO o.a.j.e.StandardJMeterEngine: Notifying test listeners of end of test
2023-02-09 14:33:45,655 INFO o.a.j.g.u.JMeterMenuBar: setRunning(false, *local*)
2023-02-09 14:34:06,141 INFO o.a.j.v.ViewResultsFullVisualizer: Add JavaFX to your Java installation if you want to use renderer: org.apache.jmeter.visualizers.RenderInBrowser
2023-02-09 14:34:07,659 INFO o.a.j.e.StandardJMeterEngine: Running the test!
2023-02-09 14:34:07,659 INFO o.a.j.s.SampleEvent: List of sample_variables: []
2023-02-09 14:34:07,660 INFO o.a.j.g.u.JMeterMenuBar: setRunning(true, *local*)
2023-02-09 14:34:07,664 INFO o.a.j.e.StandardJMeterEngine: Starting ThreadGroup: 1 : Thread Group
2023-02-09 14:34:07,664 INFO o.a.j.e.StandardJMeterEngine: Starting 15 threads for group Thread Group.
2023-02-09 14:34:07,664 INFO o.a.j.e.StandardJMeterEngine: Thread will continue on error
2023-02-09 14:34:07,664 INFO o.a.j.t.ThreadGroup: Starting thread group... number=1 threads=15 ramp-up=1 delayedStart=false
2023-02-09 14:34:07,664 INFO o.a.j.t.JMeterThread: Thread started: Thread Group 1-1
2023-02-09 14:34:07,665 INFO o.a.j.t.ThreadGroup: Started thread group number 1
2023-02-09 14:34:07,665 INFO o.a.j.e.StandardJMeterEngine: All thread groups have been started
2023-02-09 14:34:07,678 INFO o.a.j.t.JMeterThread: Thread is done: Thread Group 1-1
2023-02-09 14:34:07,678 INFO o.a.j.t.JMeterThread: Thread finished: Thread Group 1-1
2023-02-09 14:34:07,731 INFO o.a.j.t.JMeterThread: Thread started: Thread Group 1-2
2023-02-09 14:34:07,768 INFO o.a.j.t.JMeterThread: Thread is done: Thread Group 1-2
2023-02-09 14:34:07,768 INFO o.a.j.t.JMeterThread: Thread finished: Thread Group 1-2
2023-02-09 14:34:07,798 INFO o.a.j.t.JMeterThread: Thread started: Thread Group 1-3
2023-02-09 14:34:07,821 INFO o.a.j.t.JMeterThread: Thread is done: Thread Group 1-3
2023-02-09 14:34:07,821 INFO o.a.j.t.JMeterThread: Thread finished: Thread Group 1-3
2023-02-09 14:34:07,866 INFO o.a.j.t.JMeterThread: Thread started: Thread Group 1-4
2023-02-09 14:34:07,898 INFO o.a.j.t.JMeterThread: Thread is done: Thread Group 1-4
2023-02-09 14:34:07,899 INFO o.a.j.t.JMeterThread: Thread finished: Thread Group 1-4
2023-02-09 14:34:07,933 INFO o.a.j.t.JMeterThread: Thread started: Thread Group 1-5
2023-02-09 14:34:07,949 INFO o.a.j.t.JMeterThread: Thread is done: Thread Group 1-5
2023-02-09 14:34:07,949 INFO o.a.j.t.JMeterThread: Thread finished: Thread Group 1-5
2023-02-09 14:34:08,000 INFO o.a.j.t.JMeterThread: Thread started: Thread Group 1-6
2023-02-09 14:34:08,032 INFO o.a.j.t.JMeterThread: Thread is done: Thread Group 1-6
2023-02-09 14:34:08,032 INFO o.a.j.t.JMeterThread: Thread finished: Thread Group 1-6
2023-02-09 14:34:08,067 INFO o.a.j.t.JMeterThread: Thread started: Thread Group 1-7
2023-02-09 14:34:08,086 INFO o.a.j.t.JMeterThread: Thread is done: Thread Group 1-7
2023-02-09 14:34:08,086 INFO o.a.j.t.JMeterThread: Thread finished: Thread Group 1-7
2023-02-09 14:34:08,134 INFO o.a.j.t.JMeterThread: Thread started: Thread Group 1-8
2023-02-09 14:34:08,159 INFO o.a.j.t.JMeterThread: Thread is done: Thread Group 1-8
2023-02-09 14:34:08,160 INFO o.a.j.t.JMeterThread: Thread finished: Thread Group 1-8
2023-02-09 14:34:08,200 INFO o.a.j.t.JMeterThread: Thread started: Thread Group 1-9
2023-02-09 14:34:08,221 INFO o.a.j.t.JMeterThread: Thread is done: Thread Group 1-9
2023-02-09 14:34:08,221 INFO o.a.j.t.JMeterThread: Thread finished: Thread Group 1-9
2023-02-09 14:34:08,267 INFO o.a.j.t.JMeterThread: Thread started: Thread Group 1-10
2023-02-09 14:34:08,304 INFO o.a.j.t.JMeterThread: Thread is done: Thread Group 1-10
2023-02-09 14:34:08,304 INFO o.a.j.t.JMeterThread: Thread finished: Thread Group 1-10
2023-02-09 14:34:08,334 INFO o.a.j.t.JMeterThread: Thread started: Thread Group 1-11
2023-02-09 14:34:08,361 INFO o.a.j.t.JMeterThread: Thread is done: Thread Group 1-11
2023-02-09 14:34:08,361 INFO o.a.j.t.JMeterThread: Thread finished: Thread Group 1-11
2023-02-09 14:34:08,401 INFO o.a.j.t.JMeterThread: Thread started: Thread Group 1-12
2023-02-09 14:34:08,429 INFO o.a.j.t.JMeterThread: Thread is done: Thread Group 1-12
2023-02-09 14:34:08,429 INFO o.a.j.t.JMeterThread: Thread finished: Thread Group 1-12
2023-02-09 14:34:08,468 INFO o.a.j.t.JMeterThread: Thread started: Thread Group 1-13
2023-02-09 14:34:08,506 INFO o.a.j.t.JMeterThread: Thread is done: Thread Group 1-13
2023-02-09 14:34:08,506 INFO o.a.j.t.JMeterThread: Thread finished: Thread Group 1-13
2023-02-09 14:34:08,535 INFO o.a.j.t.JMeterThread: Thread started: Thread Group 1-14
2023-02-09 14:34:08,561 INFO o.a.j.t.JMeterThread: Thread is done: Thread Group 1-14
2023-02-09 14:34:08,561 INFO o.a.j.t.JMeterThread: Thread finished: Thread Group 1-14
2023-02-09 14:34:08,602 INFO o.a.j.t.JMeterThread: Thread started: Thread Group 1-15
2023-02-09 14:34:08,634 INFO o.a.j.t.JMeterThread: Thread is done: Thread Group 1-15
2023-02-09 14:34:08,635 INFO o.a.j.t.JMeterThread: Thread finished: Thread Group 1-15
2023-02-09 14:34:08,635 INFO o.a.j.e.StandardJMeterEngine: Notifying test listeners of end of test
2023-02-09 14:34:08,635 INFO o.a.j.g.u.JMeterMenuBar: setRunning(false, *local*)
